2025-05-30 18:09:12,699 - ============================================================
2025-05-30 18:09:12,700 - MODEL INTERPRETATION RESULTS
2025-05-30 18:09:12,700 - ============================================================
2025-05-30 18:09:25,826 - 
Overall Performance on Test Set:
2025-05-30 18:09:25,826 - Dice Coefficient: 0.9234
2025-05-30 18:09:25,826 - Precision: 0.9790
2025-05-30 18:09:25,826 - Recall: 0.8744
2025-05-30 18:09:25,826 - F1-Score: 0.9238
2025-05-30 18:09:27,777 - 
Confusion Matrix Analysis:
2025-05-30 18:09:27,777 - True Negatives: 1309226
2025-05-30 18:09:27,777 - False Positives: 34
2025-05-30 18:09:27,777 - False Negatives: 181
2025-05-30 18:09:27,777 - True Positives: 1279
2025-05-30 18:09:27,777 - Specificity: 1.0000
2025-05-30 18:09:27,777 - IoU (Jaccard): 0.8561
2025-05-30 18:09:27,778 - 
Prediction Confidence Analysis:
2025-05-30 18:09:27,778 - Mean Confidence: 0.0011
2025-05-30 18:09:27,779 - Std Confidence: 0.0311
2025-05-30 18:09:27,779 - Min Confidence: 0.0000
2025-05-30 18:09:27,779 - Max Confidence: 1.0000
2025-05-30 18:09:27,968 - Sample 1 Dice: 0.9111
2025-05-30 18:09:27,972 - Sample 2 Dice: 0.7500
2025-05-30 18:09:27,975 - Sample 3 Dice: 1.0000
2025-05-30 18:09:27,979 - Sample 4 Dice: 0.8621
2025-05-30 18:09:27,983 - Sample 5 Dice: 1.0000
2025-05-30 18:09:29,011 - 
Visualization saved as interpretation_results_9_state.png
2025-05-30 18:09:29,011 - 
Error Analysis:
2025-05-30 18:09:29,012 - Pixel-wise Error Rate: 0.0002
2025-05-30 18:09:29,016 - Best sample Dice: 1.0000 (Sample 2)
2025-05-30 18:09:29,016 - Worst sample Dice: 0.3333 (Sample 57)
