2025-05-30 14:58:34,203 - ============================================================
2025-05-30 14:58:34,204 - MODEL INTERPRETATION RESULTS
2025-05-30 14:58:34,204 - ============================================================
2025-05-30 14:58:47,273 - 
Overall Performance on Test Set:
2025-05-30 14:58:47,273 - Dice Coefficient: 0.9802
2025-05-30 14:58:47,273 - Precision: 0.9861
2025-05-30 14:58:47,273 - Recall: 0.9744
2025-05-30 14:58:47,273 - F1-Score: 0.9802
2025-05-30 14:58:49,231 - 
Confusion Matrix Analysis:
2025-05-30 14:58:49,231 - True Negatives: 1309235
2025-05-30 14:58:49,232 - False Positives: 26
2025-05-30 14:58:49,232 - False Negatives: 41
2025-05-30 14:58:49,232 - True Positives: 1418
2025-05-30 14:58:49,232 - Specificity: 1.0000
2025-05-30 14:58:49,232 - IoU (Jaccard): 0.9549
2025-05-30 14:58:49,232 - 
Prediction Confidence Analysis:
2025-05-30 14:58:49,232 - Mean Confidence: 0.0011
2025-05-30 14:58:49,233 - Std Confidence: 0.0329
2025-05-30 14:58:49,233 - Min Confidence: 0.0000
2025-05-30 14:58:49,233 - Max Confidence: 1.0000
2025-05-30 14:58:49,362 - Sample 1 Dice: 0.9592
2025-05-30 14:58:49,366 - Sample 2 Dice: 1.0000
2025-05-30 14:58:49,370 - Sample 3 Dice: 1.0000
2025-05-30 14:58:49,374 - Sample 4 Dice: 1.0000
2025-05-30 14:58:49,377 - Sample 5 Dice: 0.9753
2025-05-30 14:58:50,459 - 
Visualization saved as interpretation_results_1_state.png
2025-05-30 14:58:50,459 - 
Error Analysis:
2025-05-30 14:58:50,460 - Pixel-wise Error Rate: 0.0001
2025-05-30 14:58:50,464 - Best sample Dice: 1.0000 (Sample 1)
2025-05-30 14:58:50,464 - Worst sample Dice: 0.7727 (Sample 71)
