2025-05-23 09:19:39,414 [INFO] Trial 0: layers=6, window_size=(2, 4), patch_size=4, heads=2, head_dim=16, weight decay=0.001986940031045739, dataset=data/30dB.pt
2025-05-23 09:58:32,885 [INFO] Trial 0 finished with val_acc=84.0741
2025-05-23 09:58:32,928 [INFO] Trial 1: layers=4, window_size=(2, 4), patch_size=4, heads=2, head_dim=16, weight decay=0.03517942554106349, dataset=data/30dB.pt
2025-05-23 10:39:42,136 [INFO] Trial 1 finished with val_acc=92.0000
2025-05-23 10:39:42,216 [INFO] Trial 2: layers=4, window_size=(2, 4), patch_size=8, heads=4, head_dim=32, weight decay=0.007642735998261354, dataset=data/30dB.pt
2025-05-23 10:52:14,910 [INFO] Trial 2 finished with val_acc=77.7778
2025-05-23 10:52:14,963 [INFO] Trial 3: layers=6, window_size=(2, 8), patch_size=4, heads=2, head_dim=16, weight decay=0.0006724513119930181, dataset=data/30dB.pt
2025-05-23 11:42:53,176 [INFO] Trial 3 finished with val_acc=93.1481
2025-05-23 11:42:53,235 [INFO] Trial 4: layers=6, window_size=(2, 8), patch_size=8, heads=4, head_dim=32, weight decay=0.03130165422391897, dataset=data/30dB.pt
2025-05-23 12:23:28,182 [INFO] Trial 4 finished with val_acc=97.7037
2025-05-23 12:23:28,235 [INFO] Trial 5: layers=4, window_size=(2, 4), patch_size=8, heads=4, head_dim=32, weight decay=0.0007196377446774108, dataset=data/30dB.pt
2025-05-23 12:36:49,797 [INFO] Trial 5 finished with val_acc=76.9259
2025-05-23 12:36:49,838 [INFO] Trial 6: layers=6, window_size=(2, 8), patch_size=8, heads=4, head_dim=32, weight decay=0.001176332551865265, dataset=data/30dB.pt
2025-05-23 13:09:29,226 [INFO] Trial 6 finished with val_acc=97.8148
2025-05-23 13:09:29,269 [INFO] Trial 7: layers=4, window_size=(2, 8), patch_size=4, heads=2, head_dim=16, weight decay=0.00046389207469031706, dataset=data/30dB.pt
2025-05-23 13:38:57,136 [INFO] Trial 7 finished with val_acc=91.4815
2025-05-23 13:38:57,179 [INFO] Trial 8: layers=4, window_size=(2, 4), patch_size=8, heads=4, head_dim=32, weight decay=0.011729617740041443, dataset=data/30dB.pt
2025-05-23 13:50:49,362 [INFO] Trial 8 finished with val_acc=76.2963
2025-05-23 13:50:49,399 [INFO] Trial 9: layers=6, window_size=(2, 4), patch_size=4, heads=2, head_dim=16, weight decay=0.00020250498057431562, dataset=data/30dB.pt
2025-05-23 14:31:34,228 [INFO] Trial 9 finished with val_acc=86.7778
2025-05-23 14:31:34,307 [INFO] Best trial: 6
2025-05-23 14:31:34,307 [INFO] Best value: 97.81481481481481
2025-05-23 14:31:34,307 [INFO] Best params: {'layers': 6, 'window_size': (2, 8), 'patch_size': 8, 'weight_decay': 0.001176332551865265}
