2025-05-31 20:31:24,873 - ============================================================
2025-05-31 20:31:24,873 - MODEL INTERPRETATION RESULTS
2025-05-31 20:31:24,873 - ============================================================
2025-05-31 20:31:29,424 - 
Overall Performance on Test Set:
2025-05-31 20:31:29,424 - Dice Coefficient: 0.9409
2025-05-31 20:31:29,424 - Precision: 0.9616
2025-05-31 20:31:29,424 - Recall: 0.9213
2025-05-31 20:31:29,424 - F1-Score: 0.9410
2025-05-31 20:31:31,394 - 
Confusion Matrix Analysis:
2025-05-31 20:31:31,394 - True Negatives: 1309375
2025-05-31 20:31:31,394 - False Positives: 57
2025-05-31 20:31:31,394 - False Negatives: 78
2025-05-31 20:31:31,394 - True Positives: 1210
2025-05-31 20:31:31,395 - Specificity: 1.0000
2025-05-31 20:31:31,395 - IoU (Jaccard): 0.8996
2025-05-31 20:31:31,395 - 
Prediction Confidence Analysis:
2025-05-31 20:31:31,396 - Mean Confidence: 0.0010
2025-05-31 20:31:31,396 - Std Confidence: 0.0306
2025-05-31 20:31:31,396 - Min Confidence: 0.0000
2025-05-31 20:31:31,396 - Max Confidence: 1.0000
2025-05-31 20:31:31,583 - Sample 1 Dice: 1.0000
2025-05-31 20:31:31,587 - Sample 2 Dice: 0.9828
2025-05-31 20:31:31,590 - Sample 3 Dice: 0.9583
2025-05-31 20:31:31,594 - Sample 4 Dice: 1.0000
2025-05-31 20:31:31,597 - Sample 5 Dice: 1.0000
2025-05-31 20:31:32,642 - 
Visualization saved as interpretation_results_sequences.png
2025-05-31 20:31:32,642 - 
Error Analysis:
2025-05-31 20:31:32,643 - Pixel-wise Error Rate: 0.0001
2025-05-31 20:31:32,648 - Best sample Dice: 1.0000 (Sample 0)
2025-05-31 20:31:32,648 - Worst sample Dice: 0.3333 (Sample 75)
