2025-05-30 20:16:46,576 - ============================================================
2025-05-30 20:16:46,576 - MODEL INTERPRETATION RESULTS
2025-05-30 20:16:46,576 - ============================================================
2025-05-30 20:16:59,762 - 
Overall Performance on Test Set:
2025-05-30 20:16:59,762 - Dice Coefficient: 0.9320
2025-05-30 20:16:59,762 - Precision: 0.9743
2025-05-30 20:16:59,762 - Recall: 0.8936
2025-05-30 20:16:59,762 - F1-Score: 0.9322
2025-05-30 20:17:01,747 - 
Confusion Matrix Analysis:
2025-05-30 20:17:01,747 - True Negatives: 1309228
2025-05-30 20:17:01,747 - False Positives: 34
2025-05-30 20:17:01,747 - False Negatives: 143
2025-05-30 20:17:01,747 - True Positives: 1315
2025-05-30 20:17:01,747 - Specificity: 1.0000
2025-05-30 20:17:01,747 - IoU (Jaccard): 0.8814
2025-05-30 20:17:01,747 - 
Prediction Confidence Analysis:
2025-05-30 20:17:01,748 - Mean Confidence: 0.0011
2025-05-30 20:17:01,748 - Std Confidence: 0.0317
2025-05-30 20:17:01,749 - Min Confidence: 0.0000
2025-05-30 20:17:01,749 - Max Confidence: 1.0000
2025-05-30 20:17:01,926 - Sample 1 Dice: 0.9423
2025-05-30 20:17:01,929 - Sample 2 Dice: 1.0000
2025-05-30 20:17:01,933 - Sample 3 Dice: 0.8750
2025-05-30 20:17:01,937 - Sample 4 Dice: 0.9688
2025-05-30 20:17:01,940 - Sample 5 Dice: 0.9359
2025-05-30 20:17:02,984 - 
Visualization saved as interpretation_results_roll_state.png
2025-05-30 20:17:02,984 - 
Error Analysis:
2025-05-30 20:17:02,986 - Pixel-wise Error Rate: 0.0001
2025-05-30 20:17:02,991 - Best sample Dice: 1.0000 (Sample 1)
2025-05-30 20:17:02,991 - Worst sample Dice: 0.2000 (Sample 31)
